<?xml version='1.0' encoding='UTF-8'?>
<testsuite hostname="sdemeule-virtual-machine" name="LawnMowerObjectTest" tests="8" errors="0" failures="0" skipped="0" time="0.071">
                     <properties>
[...]
</properties>
                     <testcase classname="LawnMowerObjectTest" name="LawnMowerObject should compute direction and move for the mower when the move is G, D, A" time="0.053">
                                                 
                                               </testcase><testcase classname="LawnMowerObjectTest" name="LawnMowerObject should raise an error when the move is not in G, D, A" time="0.005">
                                                 
                                               </testcase><testcase classname="LawnMowerObjectTest" name="LawnMowerObject should raise an error when the direction is not in E, W, N, S" time="0.001">
                                                 
                                               </testcase><testcase classname="LawnMowerObjectTest" name="LawnMowerObject should raise an error when the move nor the direction are correct" time="0.008">
                                                 
                                               </testcase><testcase classname="LawnMowerObjectTest" name="LawnMowerObject should compute one moves sequence when the field is empty" time="0.002">
                                                 
                                               </testcase><testcase classname="LawnMowerObjectTest" name="LawnMowerObject should compute one moves sequence when the field is not empty" time="0.0">
                                                 
                                               </testcase><testcase classname="LawnMowerObjectTest" name="LawnMowerObject should compute one moves sequence when the field is empty and the move outpass the limits" time="0.0">
                                                 
                                               </testcase><testcase classname="LawnMowerObjectTest" name="LawnMowerObject should give the final position and direction" time="0.002">
                                                 
                                               </testcase>
                     <system-out></system-out>
                     <system-err></system-err>
                   </testsuite>